<?xml version="1.0" encoding="UTF-8"?>
<!-- Generated by org.testng.reporters.JUnitReportReporter -->
<testsuite hostname="DESKTOP-IEAL13F" failures="0" tests="3" name="function1.Child_1" time="22.444" errors="0" timestamp="20 Jan 2024 05:13:29 GMT" skipped="0">
  <testcase classname="function1.Child_1" name="test1" time="5.993"/>
  <testcase classname="function1.Child_1" name="test3" time="8.415"/>
  <testcase classname="function1.Child_1" name="test2" time="8.036"/>
</testsuite> <!-- function1.Child_1 -->
