<?xml version="1.0" encoding="UTF-8"?>
<!-- Generated by org.testng.reporters.JUnitReportReporter -->
<testsuite hostname="DESKTOP-IEAL13F" failures="0" tests="2" name="function1.Child_1" time="12.548" errors="0" timestamp="17 Jan 2024 13:26:49 GMT" skipped="0">
  <testcase classname="function1.Child_1" name="test1" time="6.152"/>
  <testcase classname="function1.Child_1" name="test2" time="6.396"/>
</testsuite> <!-- function1.Child_1 -->
