<?xml version="1.0" encoding="UTF-8"?>
<!-- Generated by org.testng.reporters.JUnitReportReporter -->
<testsuite hostname="DESKTOP-IEAL13F" failures="0" tests="1" name="function.Function_2" time="7.680" errors="0" timestamp="21 Jan 2024 08:04:29 GMT" skipped="0">
  <testcase classname="function.Function_2" name="test1" time="7.680"/>
</testsuite> <!-- function.Function_2 -->
