<?xml version="1.0" encoding="UTF-8"?>
<!-- Generated by org.testng.reporters.JUnitReportReporter -->
<testsuite hostname="DESKTOP-IEAL13F" failures="0" tests="1" name="function1.Child_1" time="0.019" errors="0" timestamp="10 Jan 2024 10:12:22 GMT" skipped="0">
  <testcase classname="function1.Child_1" name="test1" time="0.019"/>
</testsuite> <!-- function1.Child_1 -->
