<?xml version="1.0" encoding="UTF-8"?>
<!-- Generated by org.testng.reporters.JUnitReportReporter -->
<testsuite hostname="DESKTOP-IEAL13F" failures="0" tests="3" name="function.Function_1" time="29.171" errors="0" timestamp="21 Jan 2024 08:04:29 GMT" skipped="0">
  <testcase classname="function.Function_1" name="test1" time="12.159"/>
  <testcase classname="function.Function_1" name="test2" time="9.893"/>
  <testcase classname="function.Function_1" name="test3" time="7.119"/>
</testsuite> <!-- function.Function_1 -->
